[${project.name}][${env:SERVER_PORT}] 2020-08-02 20:00:22,702 ERROR [DubboServerHandler-192.168.56.1:20890-thread-3][ExceptionFilter.java:86] -  [DUBBO] Got unchecked and undeclared exception which called by null. service: com.shanjupay.merchant.api.MerchantService, method: createMerchant, exception: org.apache.dubbo.rpc.RpcException: Failed to invoke the method createTenantAndAccount in the service com.shanjupay.user.api.TenantService. Tried 1 times of the providers [192.168.43.87:20880] (1/1) from the registry localhost:9090 on the consumer 192.168.56.1 using the dubbo version 2.7.3. Last error is: Invoke remote method timeout. method: createTenantAndAccount, provider: dubbo://192.168.43.87:20880/com.shanjupay.user.api.TenantService?anyhost=true&application=merchant-service&bean.name=ServiceBean:com.shanjupay.user.api.TenantService&check=false&deprecated=false&dubbo=2.0.2&dynamic=true&generic=false&interface=com.shanjupay.user.api.TenantService&lazy=false&methods=modifyBundle,getTenantByAccount,getAccountByUsername,createBundle,initBundle,login,isExistAccountByUsername,getBundle,unbindTenant,removeTenant,queryTenants,queryBundleByTenantType,getAccountByMobile,queryAccount,getApplicationDTOByClientId,changeBundle,isExistAccountInTenantByUsername,createAccountInTenant,queryAccountRole,authentication,queryAccountInTenant,isExistAccountByMobile,sendMessage,createTenantRelateAccount,queryAllBundle,createAccount,getTenant,queryAdministratorByPage,isExistAccountInTenantByMobile,accountPassword,createTenantAndAccount,bindTenant&pid=11716&qos.enable=false&qos.port=22310&register=true&register.ip=192.168.56.1&release=2.7.3&remote.application=user-service&retries=-1&side=consumer&sticky=false&timeout=3000&timestamp=1596368002815, cause: org.apache.dubbo.remoting.TimeoutException: Waiting server-side response timeout by scan timer. start time: 2020-08-02 20:00:19.681, end time: 2020-08-02 20:00:22.700, client elapsed: 3 ms, server elapsed: 3016 ms, timeout: 3000 ms, request: Request [id=13, version=2.0.2, twoway=true, event=false, broken=false, data=RpcInvocation [methodName=createTenantAndAccount, parameterTypes=[class com.shanjupay.user.api.dto.tenant.CreateTenantRequestDTO], arguments=[CreateTenantRequestDTO(name=yuehai, tenantTypeCode=shanju-merchant, bundleCode=shanju-merchant, mobile=17673609045, password=456, username=yuehai)], attachments={input=514, path=com.shanjupay.user.api.TenantService, interface=com.shanjupay.user.api.TenantService, version=0.0.0, timeout=3000}]], channel: /192.168.43.87:54791 -> /192.168.43.87:20880, dubbo version: 2.7.3, current host: 192.168.56.1
org.apache.dubbo.rpc.RpcException: Failed to invoke the method createTenantAndAccount in the service com.shanjupay.user.api.TenantService. Tried 1 times of the providers [192.168.43.87:20880] (1/1) from the registry localhost:9090 on the consumer 192.168.56.1 using the dubbo version 2.7.3. Last error is: Invoke remote method timeout. method: createTenantAndAccount, provider: dubbo://192.168.43.87:20880/com.shanjupay.user.api.TenantService?anyhost=true&application=merchant-service&bean.name=ServiceBean:com.shanjupay.user.api.TenantService&check=false&deprecated=false&dubbo=2.0.2&dynamic=true&generic=false&interface=com.shanjupay.user.api.TenantService&lazy=false&methods=modifyBundle,getTenantByAccount,getAccountByUsername,createBundle,initBundle,login,isExistAccountByUsername,getBundle,unbindTenant,removeTenant,queryTenants,queryBundleByTenantType,getAccountByMobile,queryAccount,getApplicationDTOByClientId,changeBundle,isExistAccountInTenantByUsername,createAccountInTenant,queryAccountRole,authentication,queryAccountInTenant,isExistAccountByMobile,sendMessage,createTenantRelateAccount,queryAllBundle,createAccount,getTenant,queryAdministratorByPage,isExistAccountInTenantByMobile,accountPassword,createTenantAndAccount,bindTenant&pid=11716&qos.enable=false&qos.port=22310&register=true&register.ip=192.168.56.1&release=2.7.3&remote.application=user-service&retries=-1&side=consumer&sticky=false&timeout=3000&timestamp=1596368002815, cause: org.apache.dubbo.remoting.TimeoutException: Waiting server-side response timeout by scan timer. start time: 2020-08-02 20:00:19.681, end time: 2020-08-02 20:00:22.700, client elapsed: 3 ms, server elapsed: 3016 ms, timeout: 3000 ms, request: Request [id=13, version=2.0.2, twoway=true, event=false, broken=false, data=RpcInvocation [methodName=createTenantAndAccount, parameterTypes=[class com.shanjupay.user.api.dto.tenant.CreateTenantRequestDTO], arguments=[CreateTenantRequestDTO(name=yuehai, tenantTypeCode=shanju-merchant, bundleCode=shanju-merchant, mobile=17673609045, password=456, username=yuehai)], attachments={input=514, path=com.shanjupay.user.api.TenantService, interface=com.shanjupay.user.api.TenantService, version=0.0.0, timeout=3000}]], channel: /192.168.43.87:54791 -> /192.168.43.87:20880
	at org.apache.dubbo.rpc.cluster.support.FailoverClusterInvoker.doInvoke(FailoverClusterInvoker.java:113)
	at org.apache.dubbo.rpc.cluster.support.AbstractClusterInvoker.invoke(AbstractClusterInvoker.java:248)
	at org.apache.dubbo.rpc.cluster.support.wrapper.MockClusterInvoker.invoke(MockClusterInvoker.java:78)
	at org.apache.dubbo.rpc.cluster.support.RegistryAwareClusterInvoker.doInvoke(RegistryAwareClusterInvoker.java:56)
	at org.apache.dubbo.rpc.cluster.support.AbstractClusterInvoker.invoke(AbstractClusterInvoker.java:248)
	at org.apache.dubbo.rpc.cluster.support.wrapper.MockClusterInvoker.invoke(MockClusterInvoker.java:78)
	at org.apache.dubbo.rpc.proxy.InvokerInvocationHandler.invoke(InvokerInvocationHandler.java:55)
	at org.apache.dubbo.common.bytecode.proxy1.createTenantAndAccount(proxy1.java)
	at sun.reflect.NativeMethodAccessorImpl.invoke0(Native Method)
	at sun.reflect.NativeMethodAccessorImpl.invoke(NativeMethodAccessorImpl.java:62)
	at sun.reflect.DelegatingMethodAccessorImpl.invoke(DelegatingMethodAccessorImpl.java:43)
	at java.lang.reflect.Method.invoke(Method.java:498)
	at org.apache.dubbo.config.spring.beans.factory.annotation.ReferenceAnnotationBeanPostProcessor$ReferenceBeanInvocationHandler.invoke(ReferenceAnnotationBeanPostProcessor.java:260)
	at com.sun.proxy.$Proxy145.createTenantAndAccount(Unknown Source)
	at com.shanjupay.merchant.service.MerchantServiceImpl.createMerchant(MerchantServiceImpl.java:122)
	at com.shanjupay.merchant.service.MerchantServiceImpl$$FastClassBySpringCGLIB$$34e52a2e.invoke(<generated>)
	at org.springframework.cglib.proxy.MethodProxy.invoke(MethodProxy.java:218)
	at org.springframework.aop.framework.CglibAopProxy$CglibMethodInvocation.invokeJoinpoint(CglibAopProxy.java:749)
	at org.springframework.aop.framework.ReflectiveMethodInvocation.proceed(ReflectiveMethodInvocation.java:163)
	at com.alibaba.druid.support.spring.stat.DruidStatInterceptor.invoke(DruidStatInterceptor.java:73)
	at org.springframework.aop.framework.ReflectiveMethodInvocation.proceed(ReflectiveMethodInvocation.java:186)
	at org.springframework.aop.framework.CglibAopProxy$DynamicAdvisedInterceptor.intercept(CglibAopProxy.java:688)
	at com.shanjupay.merchant.service.MerchantServiceImpl$$EnhancerBySpringCGLIB$$f4e79d03.createMerchant(<generated>)
	at com.shanjupay.merchant.service.MerchantServiceImpl$$FastClassBySpringCGLIB$$34e52a2e.invoke(<generated>)
	at org.springframework.cglib.proxy.MethodProxy.invoke(MethodProxy.java:218)
	at org.springframework.aop.framework.CglibAopProxy$CglibMethodInvocation.invokeJoinpoint(CglibAopProxy.java:749)
	at org.springframework.aop.framework.ReflectiveMethodInvocation.proceed(ReflectiveMethodInvocation.java:163)
	at com.alibaba.druid.support.spring.stat.DruidStatInterceptor.invoke(DruidStatInterceptor.java:73)
	at org.springframework.aop.framework.ReflectiveMethodInvocation.proceed(ReflectiveMethodInvocation.java:186)
	at org.springframework.aop.framework.CglibAopProxy$DynamicAdvisedInterceptor.intercept(CglibAopProxy.java:688)
	at com.shanjupay.merchant.service.MerchantServiceImpl$$EnhancerBySpringCGLIB$$988b8ad5.createMerchant(<generated>)
	at org.apache.dubbo.common.bytecode.Wrapper2.invokeMethod(Wrapper2.java)
	at org.apache.dubbo.rpc.proxy.javassist.JavassistProxyFactory$1.doInvoke(JavassistProxyFactory.java:47)
	at org.apache.dubbo.rpc.proxy.AbstractProxyInvoker.invoke(AbstractProxyInvoker.java:84)
	at org.apache.dubbo.config.invoker.DelegateProviderMetaDataInvoker.invoke(DelegateProviderMetaDataInvoker.java:56)
	at org.apache.dubbo.rpc.protocol.InvokerWrapper.invoke(InvokerWrapper.java:56)
	at org.apache.dubbo.rpc.filter.ExceptionFilter.invoke(ExceptionFilter.java:55)
	at org.apache.dubbo.rpc.protocol.ProtocolFilterWrapper$1.invoke(ProtocolFilterWrapper.java:82)
	at org.apache.dubbo.monitor.support.MonitorFilter.invoke(MonitorFilter.java:92)
	at org.apache.dubbo.rpc.protocol.ProtocolFilterWrapper$1.invoke(ProtocolFilterWrapper.java:82)
	at org.apache.dubbo.rpc.filter.TimeoutFilter.invoke(TimeoutFilter.java:48)
	at org.apache.dubbo.rpc.protocol.ProtocolFilterWrapper$1.invoke(ProtocolFilterWrapper.java:82)
	at org.apache.dubbo.rpc.protocol.dubbo.filter.TraceFilter.invoke(TraceFilter.java:81)
	at org.apache.dubbo.rpc.protocol.ProtocolFilterWrapper$1.invoke(ProtocolFilterWrapper.java:82)
	at org.apache.dubbo.rpc.filter.ContextFilter.invoke(ContextFilter.java:96)
	at org.apache.dubbo.rpc.protocol.ProtocolFilterWrapper$1.invoke(ProtocolFilterWrapper.java:82)
	at org.apache.dubbo.rpc.filter.GenericFilter.invoke(GenericFilter.java:148)
	at org.apache.dubbo.rpc.protocol.ProtocolFilterWrapper$1.invoke(ProtocolFilterWrapper.java:82)
	at org.apache.dubbo.rpc.filter.ClassLoaderFilter.invoke(ClassLoaderFilter.java:38)
	at org.apache.dubbo.rpc.protocol.ProtocolFilterWrapper$1.invoke(ProtocolFilterWrapper.java:82)
	at org.apache.dubbo.rpc.filter.EchoFilter.invoke(EchoFilter.java:41)
	at org.apache.dubbo.rpc.protocol.ProtocolFilterWrapper$1.invoke(ProtocolFilterWrapper.java:82)
	at org.apache.dubbo.rpc.protocol.ProtocolFilterWrapper$CallbackRegistrationInvoker.invoke(ProtocolFilterWrapper.java:157)
	at org.apache.dubbo.rpc.protocol.dubbo.DubboProtocol$1.reply(DubboProtocol.java:152)
	at org.apache.dubbo.remoting.exchange.support.header.HeaderExchangeHandler.handleRequest(HeaderExchangeHandler.java:102)
	at org.apache.dubbo.remoting.exchange.support.header.HeaderExchangeHandler.received(HeaderExchangeHandler.java:193)
	at org.apache.dubbo.remoting.transport.DecodeHandler.received(DecodeHandler.java:51)
	at org.apache.dubbo.remoting.transport.dispatcher.ChannelEventRunnable.run(ChannelEventRunnable.java:57)
	at java.util.concurrent.ThreadPoolExecutor.runWorker(ThreadPoolExecutor.java:1149)
	at java.util.concurrent.ThreadPoolExecutor$Worker.run(ThreadPoolExecutor.java:624)
	at java.lang.Thread.run(Thread.java:748)
Caused by: java.util.concurrent.ExecutionException: org.apache.dubbo.remoting.TimeoutException: Waiting server-side response timeout by scan timer. start time: 2020-08-02 20:00:19.681, end time: 2020-08-02 20:00:22.700, client elapsed: 3 ms, server elapsed: 3016 ms, timeout: 3000 ms, request: Request [id=13, version=2.0.2, twoway=true, event=false, broken=false, data=RpcInvocation [methodName=createTenantAndAccount, parameterTypes=[class com.shanjupay.user.api.dto.tenant.CreateTenantRequestDTO], arguments=[CreateTenantRequestDTO(name=yuehai, tenantTypeCode=shanju-merchant, bundleCode=shanju-merchant, mobile=17673609045, password=456, username=yuehai)], attachments={input=514, path=com.shanjupay.user.api.TenantService, interface=com.shanjupay.user.api.TenantService, version=0.0.0, timeout=3000}]], channel: /192.168.43.87:54791 -> /192.168.43.87:20880
	at java.util.concurrent.CompletableFuture.reportGet(CompletableFuture.java:357)
	at java.util.concurrent.CompletableFuture.get(CompletableFuture.java:1915)
	at org.apache.dubbo.rpc.protocol.AsyncToSyncInvoker.invoke(AsyncToSyncInvoker.java:56)
	at org.apache.dubbo.rpc.listener.ListenerInvokerWrapper.invoke(ListenerInvokerWrapper.java:78)
	at org.apache.dubbo.monitor.support.MonitorFilter.invoke(MonitorFilter.java:92)
	at org.apache.dubbo.rpc.protocol.ProtocolFilterWrapper$1.invoke(ProtocolFilterWrapper.java:82)
	at org.apache.dubbo.rpc.protocol.dubbo.filter.FutureFilter.invoke(FutureFilter.java:54)
	at org.apache.dubbo.rpc.protocol.ProtocolFilterWrapper$1.invoke(ProtocolFilterWrapper.java:82)
	at org.apache.dubbo.rpc.filter.ConsumerContextFilter.invoke(ConsumerContextFilter.java:58)
	at org.apache.dubbo.rpc.protocol.ProtocolFilterWrapper$1.invoke(ProtocolFilterWrapper.java:82)
	at org.apache.dubbo.rpc.protocol.ProtocolFilterWrapper$CallbackRegistrationInvoker.invoke(ProtocolFilterWrapper.java:157)
	at org.apache.dubbo.rpc.protocol.InvokerWrapper.invoke(InvokerWrapper.java:56)
	at org.apache.dubbo.rpc.cluster.support.FailoverClusterInvoker.doInvoke(FailoverClusterInvoker.java:82)
	... 60 more
Caused by: org.apache.dubbo.remoting.TimeoutException: Waiting server-side response timeout by scan timer. start time: 2020-08-02 20:00:19.681, end time: 2020-08-02 20:00:22.700, client elapsed: 3 ms, server elapsed: 3016 ms, timeout: 3000 ms, request: Request [id=13, version=2.0.2, twoway=true, event=false, broken=false, data=RpcInvocation [methodName=createTenantAndAccount, parameterTypes=[class com.shanjupay.user.api.dto.tenant.CreateTenantRequestDTO], arguments=[CreateTenantRequestDTO(name=yuehai, tenantTypeCode=shanju-merchant, bundleCode=shanju-merchant, mobile=17673609045, password=456, username=yuehai)], attachments={input=514, path=com.shanjupay.user.api.TenantService, interface=com.shanjupay.user.api.TenantService, version=0.0.0, timeout=3000}]], channel: /192.168.43.87:54791 -> /192.168.43.87:20880
	at org.apache.dubbo.remoting.exchange.support.DefaultFuture.doReceived(DefaultFuture.java:189)
	at org.apache.dubbo.remoting.exchange.support.DefaultFuture.received(DefaultFuture.java:153)
	at org.apache.dubbo.remoting.exchange.support.DefaultFuture$TimeoutCheckTask.run(DefaultFuture.java:252)
	at org.apache.dubbo.common.timer.HashedWheelTimer$HashedWheelTimeout.expire(HashedWheelTimer.java:648)
	at org.apache.dubbo.common.timer.HashedWheelTimer$HashedWheelBucket.expireTimeouts(HashedWheelTimer.java:727)
	at org.apache.dubbo.common.timer.HashedWheelTimer$Worker.run(HashedWheelTimer.java:449)
	... 1 more
[${project.name}][${env:SERVER_PORT}] 2020-08-02 20:01:15,525 ERROR [http-nio-57010-exec-8][GlobalExceptionhandler.java:55] - 系统异常：
org.apache.dubbo.rpc.RpcException: Failed to invoke the method createMerchant in the service com.shanjupay.merchant.api.MerchantService. Tried 1 times of the providers [192.168.56.1:20890] (1/1) from the registry 47.98.168.164:8848 on the consumer 192.168.56.1 using the dubbo version 2.7.3. Last error is: Invoke remote method timeout. method: createMerchant, provider: dubbo://192.168.56.1:20890/com.shanjupay.merchant.api.MerchantService?anyhost=true&application=merchant-application&bean.name=ServiceBean:com.shanjupay.merchant.api.MerchantService&category=providers&check=false&deprecated=false&dubbo=2.0.2&dynamic=true&generic=false&interface=com.shanjupay.merchant.api.MerchantService&lazy=false&methods=bindStaffToStore,queryMerchantById,applyMerchant,createMerchant,createStore,createStaff&path=com.shanjupay.merchant.api.MerchantService&pid=7976&protocol=dubbo&qos.enable=false&qos.port=22310&register=true&register.ip=192.168.56.1&release=2.7.3&remote.application=merchant-service&retries=-1&side=consumer&sticky=false&timeout=3000&timestamp=1596369551877, cause: org.apache.dubbo.remoting.TimeoutException: Waiting server-side response timeout by scan timer. start time: 2020-08-02 20:01:12.497, end time: 2020-08-02 20:01:15.524, client elapsed: 2 ms, server elapsed: 3025 ms, timeout: 3000 ms, request: Request [id=31, version=2.0.2, twoway=true, event=false, broken=false, data=RpcInvocation [methodName=createMerchant, parameterTypes=[class com.shanjupay.merchant.api.dto.MerchantDTO], arguments=[MerchantDTO(id=null, merchantName=null, merchantNo=null, merchantAddress=null, merchantType=null, businessLicensesImg=null, idCardFrontImg=null, idCardAfterImg=null, username=yuehai, mobile=17673609035, password=456, contactsAddress=null, auditStatus=null, tenantId=null)], attachments={path=com.shanjupay.merchant.api.MerchantService, interface=com.shanjupay.merchant.api.MerchantService, version=0.0.0, timeout=3000}]], channel: /192.168.56.1:54911 -> /192.168.56.1:20890
	at org.apache.dubbo.rpc.cluster.support.FailoverClusterInvoker.doInvoke(FailoverClusterInvoker.java:113)
	at org.apache.dubbo.rpc.cluster.support.AbstractClusterInvoker.invoke(AbstractClusterInvoker.java:248)
	at org.apache.dubbo.rpc.cluster.support.wrapper.MockClusterInvoker.invoke(MockClusterInvoker.java:78)
	at org.apache.dubbo.rpc.cluster.support.RegistryAwareClusterInvoker.doInvoke(RegistryAwareClusterInvoker.java:56)
	at org.apache.dubbo.rpc.cluster.support.AbstractClusterInvoker.invoke(AbstractClusterInvoker.java:248)
	at org.apache.dubbo.rpc.cluster.support.wrapper.MockClusterInvoker.invoke(MockClusterInvoker.java:78)
	at org.apache.dubbo.rpc.proxy.InvokerInvocationHandler.invoke(InvokerInvocationHandler.java:55)
	at org.apache.dubbo.common.bytecode.proxy2.createMerchant(proxy2.java)
	at sun.reflect.NativeMethodAccessorImpl.invoke0(Native Method)
	at sun.reflect.NativeMethodAccessorImpl.invoke(NativeMethodAccessorImpl.java:62)
	at sun.reflect.DelegatingMethodAccessorImpl.invoke(DelegatingMethodAccessorImpl.java:43)
	at java.lang.reflect.Method.invoke(Method.java:498)
	at org.apache.dubbo.config.spring.beans.factory.annotation.ReferenceAnnotationBeanPostProcessor$ReferenceBeanInvocationHandler.invoke(ReferenceAnnotationBeanPostProcessor.java:260)
	at com.sun.proxy.$Proxy148.createMerchant(Unknown Source)
	at com.shanjupay.merchant.controller.MerchantController.registerMerchant(MerchantController.java:94)
	at sun.reflect.NativeMethodAccessorImpl.invoke0(Native Method)
	at sun.reflect.NativeMethodAccessorImpl.invoke(NativeMethodAccessorImpl.java:62)
	at sun.reflect.DelegatingMethodAccessorImpl.invoke(DelegatingMethodAccessorImpl.java:43)
	at java.lang.reflect.Method.invoke(Method.java:498)
	at org.springframework.web.method.support.InvocableHandlerMethod.doInvoke(InvocableHandlerMethod.java:189)
	at org.springframework.web.method.support.InvocableHandlerMethod.invokeForRequest(InvocableHandlerMethod.java:138)
	at org.springframework.web.servlet.mvc.method.annotation.ServletInvocableHandlerMethod.invokeAndHandle(ServletInvocableHandlerMethod.java:102)
	at org.springframework.web.servlet.mvc.method.annotation.RequestMappingHandlerAdapter.invokeHandlerMethod(RequestMappingHandlerAdapter.java:895)
	at org.springframework.web.servlet.mvc.method.annotation.RequestMappingHandlerAdapter.handleInternal(RequestMappingHandlerAdapter.java:800)
	at org.springframework.web.servlet.mvc.method.AbstractHandlerMethodAdapter.handle(AbstractHandlerMethodAdapter.java:87)
	at org.springframework.web.servlet.DispatcherServlet.doDispatch(DispatcherServlet.java:1038)
	at org.springframework.web.servlet.DispatcherServlet.doService(DispatcherServlet.java:942)
	at org.springframework.web.servlet.FrameworkServlet.processRequest(FrameworkServlet.java:1005)
	at org.springframework.web.servlet.FrameworkServlet.doPost(FrameworkServlet.java:908)
	at javax.servlet.http.HttpServlet.service(HttpServlet.java:660)
	at org.springframework.web.servlet.FrameworkServlet.service(FrameworkServlet.java:882)
	at javax.servlet.http.HttpServlet.service(HttpServlet.java:741)
	at org.apache.catalina.core.ApplicationFilterChain.internalDoFilter(ApplicationFilterChain.java:231)
	at org.apache.catalina.core.ApplicationFilterChain.doFilter(ApplicationFilterChain.java:166)
	at org.apache.tomcat.websocket.server.WsFilter.doFilter(WsFilter.java:53)
	at org.apache.catalina.core.ApplicationFilterChain.internalDoFilter(ApplicationFilterChain.java:193)
	at org.apache.catalina.core.ApplicationFilterChain.doFilter(ApplicationFilterChain.java:166)
	at org.springframework.boot.actuate.web.trace.servlet.HttpTraceFilter.doFilterInternal(HttpTraceFilter.java:90)
	at org.springframework.web.filter.OncePerRequestFilter.doFilter(OncePerRequestFilter.java:107)
	at org.apache.catalina.core.ApplicationFilterChain.internalDoFilter(ApplicationFilterChain.java:193)
	at org.apache.catalina.core.ApplicationFilterChain.doFilter(ApplicationFilterChain.java:166)
	at org.springframework.web.filter.RequestContextFilter.doFilterInternal(RequestContextFilter.java:99)
	at org.springframework.web.filter.OncePerRequestFilter.doFilter(OncePerRequestFilter.java:107)
	at org.apache.catalina.core.ApplicationFilterChain.internalDoFilter(ApplicationFilterChain.java:193)
	at org.apache.catalina.core.ApplicationFilterChain.doFilter(ApplicationFilterChain.java:166)
	at org.springframework.web.filter.FormContentFilter.doFilterInternal(FormContentFilter.java:92)
	at org.springframework.web.filter.OncePerRequestFilter.doFilter(OncePerRequestFilter.java:107)
	at org.apache.catalina.core.ApplicationFilterChain.internalDoFilter(ApplicationFilterChain.java:193)
	at org.apache.catalina.core.ApplicationFilterChain.doFilter(ApplicationFilterChain.java:166)
	at org.springframework.web.filter.HiddenHttpMethodFilter.doFilterInternal(HiddenHttpMethodFilter.java:93)
	at org.springframework.web.filter.OncePerRequestFilter.doFilter(OncePerRequestFilter.java:107)
	at org.apache.catalina.core.ApplicationFilterChain.internalDoFilter(ApplicationFilterChain.java:193)
	at org.apache.catalina.core.ApplicationFilterChain.doFilter(ApplicationFilterChain.java:166)
	at org.springframework.boot.actuate.metrics.web.servlet.WebMvcMetricsFilter.filterAndRecordMetrics(WebMvcMetricsFilter.java:117)
	at org.springframework.boot.actuate.metrics.web.servlet.WebMvcMetricsFilter.doFilterInternal(WebMvcMetricsFilter.java:106)
	at org.springframework.web.filter.OncePerRequestFilter.doFilter(OncePerRequestFilter.java:107)
	at org.apache.catalina.core.ApplicationFilterChain.internalDoFilter(ApplicationFilterChain.java:193)
	at org.apache.catalina.core.ApplicationFilterChain.doFilter(ApplicationFilterChain.java:166)
	at org.springframework.web.filter.CharacterEncodingFilter.doFilterInternal(CharacterEncodingFilter.java:200)
	at org.springframework.web.filter.OncePerRequestFilter.doFilter(OncePerRequestFilter.java:107)
	at org.apache.catalina.core.ApplicationFilterChain.internalDoFilter(ApplicationFilterChain.java:193)
	at org.apache.catalina.core.ApplicationFilterChain.doFilter(ApplicationFilterChain.java:166)
	at org.apache.catalina.core.StandardWrapperValve.invoke(StandardWrapperValve.java:200)
	at org.apache.catalina.core.StandardContextValve.invoke(StandardContextValve.java:96)
	at org.apache.catalina.authenticator.AuthenticatorBase.invoke(AuthenticatorBase.java:490)
	at org.apache.catalina.core.StandardHostValve.invoke(StandardHostValve.java:139)
	at org.apache.catalina.valves.ErrorReportValve.invoke(ErrorReportValve.java:92)
	at org.apache.catalina.core.StandardEngineValve.invoke(StandardEngineValve.java:74)
	at org.apache.catalina.valves.RemoteIpValve.invoke(RemoteIpValve.java:679)
	at org.apache.catalina.connector.CoyoteAdapter.service(CoyoteAdapter.java:343)
	at org.apache.coyote.http11.Http11Processor.service(Http11Processor.java:408)
	at org.apache.coyote.AbstractProcessorLight.process(AbstractProcessorLight.java:66)
	at org.apache.coyote.AbstractProtocol$ConnectionHandler.process(AbstractProtocol.java:834)
	at org.apache.tomcat.util.net.NioEndpoint$SocketProcessor.doRun(NioEndpoint.java:1415)
	at org.apache.tomcat.util.net.SocketProcessorBase.run(SocketProcessorBase.java:49)
	at java.util.concurrent.ThreadPoolExecutor.runWorker(ThreadPoolExecutor.java:1149)
	at java.util.concurrent.ThreadPoolExecutor$Worker.run(ThreadPoolExecutor.java:624)
	at org.apache.tomcat.util.threads.TaskThread$WrappingRunnable.run(TaskThread.java:61)
	at java.lang.Thread.run(Thread.java:748)
Caused by: java.util.concurrent.ExecutionException: org.apache.dubbo.remoting.TimeoutException: Waiting server-side response timeout by scan timer. start time: 2020-08-02 20:01:12.497, end time: 2020-08-02 20:01:15.524, client elapsed: 2 ms, server elapsed: 3025 ms, timeout: 3000 ms, request: Request [id=31, version=2.0.2, twoway=true, event=false, broken=false, data=RpcInvocation [methodName=createMerchant, parameterTypes=[class com.shanjupay.merchant.api.dto.MerchantDTO], arguments=[MerchantDTO(id=null, merchantName=null, merchantNo=null, merchantAddress=null, merchantType=null, businessLicensesImg=null, idCardFrontImg=null, idCardAfterImg=null, username=yuehai, mobile=17673609035, password=456, contactsAddress=null, auditStatus=null, tenantId=null)], attachments={path=com.shanjupay.merchant.api.MerchantService, interface=com.shanjupay.merchant.api.MerchantService, version=0.0.0, timeout=3000}]], channel: /192.168.56.1:54911 -> /192.168.56.1:20890
	at java.util.concurrent.CompletableFuture.reportGet(CompletableFuture.java:357)
	at java.util.concurrent.CompletableFuture.get(CompletableFuture.java:1915)
	at org.apache.dubbo.rpc.protocol.AsyncToSyncInvoker.invoke(AsyncToSyncInvoker.java:56)
	at org.apache.dubbo.monitor.support.MonitorFilter.invoke(MonitorFilter.java:92)
	at org.apache.dubbo.rpc.protocol.ProtocolFilterWrapper$1.invoke(ProtocolFilterWrapper.java:82)
	at org.apache.dubbo.rpc.protocol.dubbo.filter.FutureFilter.invoke(FutureFilter.java:54)
	at org.apache.dubbo.rpc.protocol.ProtocolFilterWrapper$1.invoke(ProtocolFilterWrapper.java:82)
	at org.apache.dubbo.rpc.filter.ConsumerContextFilter.invoke(ConsumerContextFilter.java:58)
	at org.apache.dubbo.rpc.protocol.ProtocolFilterWrapper$1.invoke(ProtocolFilterWrapper.java:82)
	at org.apache.dubbo.rpc.protocol.ProtocolFilterWrapper$CallbackRegistrationInvoker.invoke(ProtocolFilterWrapper.java:157)
	at org.apache.dubbo.rpc.listener.ListenerInvokerWrapper.invoke(ListenerInvokerWrapper.java:78)
	at org.apache.dubbo.rpc.protocol.InvokerWrapper.invoke(InvokerWrapper.java:56)
	at org.apache.dubbo.rpc.cluster.support.FailoverClusterInvoker.doInvoke(FailoverClusterInvoker.java:82)
	... 78 more
Caused by: org.apache.dubbo.remoting.TimeoutException: Waiting server-side response timeout by scan timer. start time: 2020-08-02 20:01:12.497, end time: 2020-08-02 20:01:15.524, client elapsed: 2 ms, server elapsed: 3025 ms, timeout: 3000 ms, request: Request [id=31, version=2.0.2, twoway=true, event=false, broken=false, data=RpcInvocation [methodName=createMerchant, parameterTypes=[class com.shanjupay.merchant.api.dto.MerchantDTO], arguments=[MerchantDTO(id=null, merchantName=null, merchantNo=null, merchantAddress=null, merchantType=null, businessLicensesImg=null, idCardFrontImg=null, idCardAfterImg=null, username=yuehai, mobile=17673609035, password=456, contactsAddress=null, auditStatus=null, tenantId=null)], attachments={path=com.shanjupay.merchant.api.MerchantService, interface=com.shanjupay.merchant.api.MerchantService, version=0.0.0, timeout=3000}]], channel: /192.168.56.1:54911 -> /192.168.56.1:20890
	at org.apache.dubbo.remoting.exchange.support.DefaultFuture.doReceived(DefaultFuture.java:189)
	at org.apache.dubbo.remoting.exchange.support.DefaultFuture.received(DefaultFuture.java:153)
	at org.apache.dubbo.remoting.exchange.support.DefaultFuture$TimeoutCheckTask.run(DefaultFuture.java:252)
	at org.apache.dubbo.common.timer.HashedWheelTimer$HashedWheelTimeout.expire(HashedWheelTimer.java:648)
	at org.apache.dubbo.common.timer.HashedWheelTimer$HashedWheelBucket.expireTimeouts(HashedWheelTimer.java:727)
	at org.apache.dubbo.common.timer.HashedWheelTimer$Worker.run(HashedWheelTimer.java:449)
	... 1 more
